{"$message_type":"diagnostic","message":"unresolved import `spacetimedb::Table`","code":{"code":"E0432","explanation":"An import was unresolved.\n\nErroneous code example:\n\n```compile_fail,E0432\nuse something::Foo; // error: unresolved import `something::Foo`.\n```\n\nIn Rust 2015, paths in `use` statements are relative to the crate root. To\nimport items relative to the current and parent modules, use the `self::` and\n`super::` prefixes, respectively.\n\nIn Rust 2018 or later, paths in `use` statements are relative to the current\nmodule unless they begin with the name of a crate or a literal `crate::`, in\nwhich case they start from the crate root. As in Rust 2015 code, the `self::`\nand `super::` prefixes refer to the current and parent modules respectively.\n\nAlso verify that you didn't misspell the import name and that the import exists\nin the module from where you tried to import it. Example:\n\n```\nuse self::something::Foo; // Ok.\n\nmod something {\n    pub struct Foo;\n}\n# fn main() {}\n```\n\nIf you tried to use a module from an external crate and are using Rust 2015,\nyou may have missed the `extern crate` declaration (which is usually placed in\nthe crate root):\n\n```edition2015\nextern crate core; // Required to use the `core` crate in Rust 2015.\n\nuse core::any;\n# fn main() {}\n```\n\nSince Rust 2018 the `extern crate` declaration is not required and\nyou can instead just `use` it:\n\n```edition2018\nuse core::any; // No extern crate required in Rust 2018.\n# fn main() {}\n```\n"},"level":"error","spans":[{"file_name":"src\\lib.rs","byte_start":72,"byte_end":77,"line_start":1,"line_end":1,"column_start":73,"column_end":78,"is_primary":true,"text":[{"text":"use spacetimedb::{spacetimedb, Identity, SpacetimeType, ReducerContext, Table};","highlight_start":73,"highlight_end":78}],"label":"no `Table` in the root","suggested_replacement":null,"suggestion_applicability":null,"expansion":null}],"children":[],"rendered":"\u001b[0m\u001b[1m\u001b[38;5;9merror[E0432]\u001b[0m\u001b[0m\u001b[1m\u001b[38;5;15m: unresolved import `spacetimedb::Table`\u001b[0m\n\u001b[0m \u001b[0m\u001b[0m\u001b[1m\u001b[38;5;14m--> \u001b[0m\u001b[0msrc\\lib.rs:1:73\u001b[0m\n\u001b[0m  \u001b[0m\u001b[0m\u001b[1m\u001b[38;5;14m|\u001b[0m\n\u001b[0m\u001b[1m\u001b[38;5;14m1\u001b[0m\u001b[0m \u001b[0m\u001b[0m\u001b[1m\u001b[38;5;14m|\u001b[0m\u001b[0m \u001b[0m\u001b[0muse spacetimedb::{spacetimedb, Identity, SpacetimeType, ReducerContext, Table};\u001b[0m\n\u001b[0m  \u001b[0m\u001b[0m\u001b[1m\u001b[38;5;14m|\u001b[0m\u001b[0m                                                                         \u001b[0m\u001b[0m\u001b[1m\u001b[38;5;9m^^^^^\u001b[0m\u001b[0m \u001b[0m\u001b[0m\u001b[1m\u001b[38;5;9mno `Table` in the root\u001b[0m\n\n"}
{"$message_type":"diagnostic","message":"`TownsGame` is not an iterator","code":{"code":"E0599","explanation":"This error occurs when a method is used on a type which doesn't implement it:\n\nErroneous code example:\n\n```compile_fail,E0599\nstruct Mouth;\n\nlet x = Mouth;\nx.chocolate(); // error: no method named `chocolate` found for type `Mouth`\n               //        in the current scope\n```\n\nIn this case, you need to implement the `chocolate` method to fix the error:\n\n```\nstruct Mouth;\n\nimpl Mouth {\n    fn chocolate(&self) { // We implement the `chocolate` method here.\n        println!(\"Hmmm! I love chocolate!\");\n    }\n}\n\nlet x = Mouth;\nx.chocolate(); // ok!\n```\n"},"level":"error","spans":[{"file_name":"src\\lib.rs","byte_start":2974,"byte_end":2978,"line_start":107,"line_end":107,"column_start":37,"column_end":41,"is_primary":true,"text":[{"text":"    let mut game = match TownsGame::find(&game_id) {","highlight_start":37,"highlight_end":41}],"label":"`TownsGame` is not an iterator","suggested_replacement":null,"suggestion_applicability":null,"expansion":null},{"file_name":"src\\lib.rs","byte_start":576,"byte_end":596,"line_start":29,"line_end":29,"column_start":1,"column_end":21,"is_primary":false,"text":[{"text":"pub struct TownsGame {","highlight_start":1,"highlight_end":21}],"label":"function or associated item `find` not found for this struct because it doesn't satisfy `TownsGame: Iterator`","suggested_replacement":null,"suggestion_applicability":null,"expansion":null}],"children":[{"message":"if you're trying to build a new `TownsGame` consider using one of the following associated functions:\nTownsGame::insert\nTownsGame::filter_by_game_id","code":null,"level":"note","spans":[{"file_name":"src\\lib.rs","byte_start":537,"byte_end":558,"line_start":27,"line_end":27,"column_start":1,"column_end":22,"is_primary":true,"text":[{"text":"#[spacetimedb(table)]","highlight_start":1,"highlight_end":22}],"label":null,"suggested_replacement":null,"suggestion_applicability":null,"expansion":{"span":{"file_name":"src\\lib.rs","byte_start":537,"byte_end":558,"line_start":27,"line_end":27,"column_start":1,"column_end":22,"is_primary":false,"text":[{"text":"#[spacetimedb(table)]","highlight_start":1,"highlight_end":22}],"label":null,"suggested_replacement":null,"suggestion_applicability":null,"expansion":null},"macro_decl_name":"#[derive(spacetimedb::TableType)]","def_site_span":{"file_name":"C:\\Users\\Gaming X\\.cargo\\registry\\src\\index.crates.io-1949cf8c6b5b557f\\spacetimedb-bindings-macro-0.11.1\\src\\lib.rs","byte_start":17893,"byte_end":17979,"line_start":532,"line_end":532,"column_start":1,"column_end":87,"is_primary":false,"text":[{"text":"pub fn spacetimedb_tabletype(item: proc_macro::TokenStream) -> proc_macro::TokenStream {","highlight_start":1,"highlight_end":87}],"label":null,"suggested_replacement":null,"suggestion_applicability":null,"expansion":null}}},{"file_name":"src\\lib.rs","byte_start":537,"byte_end":558,"line_start":27,"line_end":27,"column_start":1,"column_end":22,"is_primary":true,"text":[{"text":"#[spacetimedb(table)]","highlight_start":1,"highlight_end":22}],"label":null,"suggested_replacement":null,"suggestion_applicability":null,"expansion":{"span":{"file_name":"src\\lib.rs","byte_start":537,"byte_end":558,"line_start":27,"line_end":27,"column_start":1,"column_end":22,"is_primary":false,"text":[{"text":"#[spacetimedb(table)]","highlight_start":1,"highlight_end":22}],"label":null,"suggested_replacement":null,"suggestion_applicability":null,"expansion":null},"macro_decl_name":"#[derive(spacetimedb::TableType)]","def_site_span":{"file_name":"C:\\Users\\Gaming X\\.cargo\\registry\\src\\index.crates.io-1949cf8c6b5b557f\\spacetimedb-bindings-macro-0.11.1\\src\\lib.rs","byte_start":17893,"byte_end":17979,"line_start":532,"line_end":532,"column_start":1,"column_end":87,"is_primary":false,"text":[{"text":"pub fn spacetimedb_tabletype(item: proc_macro::TokenStream) -> proc_macro::TokenStream {","highlight_start":1,"highlight_end":87}],"label":null,"suggested_replacement":null,"suggestion_applicability":null,"expansion":null}}}],"children":[],"rendered":null},{"message":"the following trait bounds were not satisfied:\n`TownsGame: Iterator`\nwhich is required by `&mut TownsGame: Iterator`","code":null,"level":"note","spans":[],"children":[],"rendered":null},{"message":"the trait `Iterator` must be implemented","code":null,"level":"note","spans":[{"file_name":"/rustc/1159e78c4747b02ef996e55082b704c09b970588\\library\\core\\src\\iter\\traits\\iterator.rs","byte_start":1491,"byte_end":1509,"line_start":39,"line_end":39,"column_start":1,"column_end":19,"is_primary":true,"text":[],"label":null,"suggested_replacement":null,"suggestion_applicability":null,"expansion":null}],"children":[],"rendered":null},{"message":"items from traits can only be used if the trait is implemented and in scope","code":null,"level":"help","spans":[],"children":[],"rendered":null},{"message":"the following trait defines an item `find`, perhaps you need to implement it:\ncandidate #1: `Iterator`","code":null,"level":"note","spans":[],"children":[],"rendered":null}],"rendered":"\u001b[0m\u001b[1m\u001b[38;5;9merror[E0599]\u001b[0m\u001b[0m\u001b[1m\u001b[38;5;15m: `TownsGame` is not an iterator\u001b[0m\n\u001b[0m   \u001b[0m\u001b[0m\u001b[1m\u001b[38;5;14m--> \u001b[0m\u001b[0msrc\\lib.rs:107:37\u001b[0m\n\u001b[0m    \u001b[0m\u001b[0m\u001b[1m\u001b[38;5;14m|\u001b[0m\n\u001b[0m \u001b[0m\u001b[0m\u001b[1m\u001b[38;5;14m29\u001b[0m\u001b[0m \u001b[0m\u001b[0m\u001b[1m\u001b[38;5;14m|\u001b[0m\u001b[0m \u001b[0m\u001b[0mpub struct TownsGame {\u001b[0m\n\u001b[0m    \u001b[0m\u001b[0m\u001b[1m\u001b[38;5;14m|\u001b[0m\u001b[0m \u001b[0m\u001b[0m\u001b[1m\u001b[38;5;14m--------------------\u001b[0m\u001b[0m \u001b[0m\u001b[0m\u001b[1m\u001b[38;5;14mfunction or associated item `find` not found for this struct because it doesn't satisfy `TownsGame: Iterator`\u001b[0m\n\u001b[0m\u001b[1m\u001b[38;5;14m...\u001b[0m\n\u001b[0m\u001b[1m\u001b[38;5;14m107\u001b[0m\u001b[0m \u001b[0m\u001b[0m\u001b[1m\u001b[38;5;14m|\u001b[0m\u001b[0m \u001b[0m\u001b[0m    let mut game = match TownsGame::find(&game_id) {\u001b[0m\n\u001b[0m    \u001b[0m\u001b[0m\u001b[1m\u001b[38;5;14m|\u001b[0m\u001b[0m                                     \u001b[0m\u001b[0m\u001b[1m\u001b[38;5;9m^^^^\u001b[0m\u001b[0m \u001b[0m\u001b[0m\u001b[1m\u001b[38;5;9m`TownsGame` is not an iterator\u001b[0m\n\u001b[0m    \u001b[0m\u001b[0m\u001b[1m\u001b[38;5;14m|\u001b[0m\n\u001b[0m\u001b[1m\u001b[38;5;10mnote\u001b[0m\u001b[0m: if you're trying to build a new `TownsGame` consider using one of the following associated functions:\u001b[0m\n\u001b[0m      TownsGame::insert\u001b[0m\n\u001b[0m      TownsGame::filter_by_game_id\u001b[0m\n\u001b[0m   \u001b[0m\u001b[0m\u001b[1m\u001b[38;5;14m--> \u001b[0m\u001b[0msrc\\lib.rs:27:1\u001b[0m\n\u001b[0m    \u001b[0m\u001b[0m\u001b[1m\u001b[38;5;14m|\u001b[0m\n\u001b[0m \u001b[0m\u001b[0m\u001b[1m\u001b[38;5;14m27\u001b[0m\u001b[0m \u001b[0m\u001b[0m\u001b[1m\u001b[38;5;14m|\u001b[0m\u001b[0m \u001b[0m\u001b[0m#[spacetimedb(table)]\u001b[0m\n\u001b[0m    \u001b[0m\u001b[0m\u001b[1m\u001b[38;5;14m|\u001b[0m\u001b[0m \u001b[0m\u001b[0m\u001b[1m\u001b[38;5;10m^^^^^^^^^^^^^^^^^^^^^\u001b[0m\n\u001b[0m    \u001b[0m\u001b[0m\u001b[1m\u001b[38;5;14m= \u001b[0m\u001b[0m\u001b[1m\u001b[38;5;15mnote\u001b[0m\u001b[0m: the following trait bounds were not satisfied:\u001b[0m\n\u001b[0m            `TownsGame: Iterator`\u001b[0m\n\u001b[0m            which is required by `&mut TownsGame: Iterator`\u001b[0m\n\u001b[0m\u001b[1m\u001b[38;5;10mnote\u001b[0m\u001b[0m: the trait `Iterator` must be implemented\u001b[0m\n\u001b[0m   \u001b[0m\u001b[0m\u001b[1m\u001b[38;5;14m--> \u001b[0m\u001b[0m/rustc/1159e78c4747b02ef996e55082b704c09b970588\\library\\core\\src\\iter\\traits\\iterator.rs:39:1\u001b[0m\n\u001b[0m    \u001b[0m\u001b[0m\u001b[1m\u001b[38;5;14m= \u001b[0m\u001b[0m\u001b[1m\u001b[38;5;15mhelp\u001b[0m\u001b[0m: items from traits can only be used if the trait is implemented and in scope\u001b[0m\n\u001b[0m    \u001b[0m\u001b[0m\u001b[1m\u001b[38;5;14m= \u001b[0m\u001b[0m\u001b[1m\u001b[38;5;15mnote\u001b[0m\u001b[0m: the following trait defines an item `find`, perhaps you need to implement it:\u001b[0m\n\u001b[0m            candidate #1: `Iterator`\u001b[0m\n\u001b[0m    \u001b[0m\u001b[0m\u001b[1m\u001b[38;5;14m= \u001b[0m\u001b[0m\u001b[1m\u001b[38;5;15mnote\u001b[0m\u001b[0m: this error originates in the derive macro `spacetimedb::TableType` (in Nightly builds, run with -Z macro-backtrace for more info)\u001b[0m\n\n"}
{"$message_type":"diagnostic","message":"`TownsGame` is not an iterator","code":{"code":"E0599","explanation":"This error occurs when a method is used on a type which doesn't implement it:\n\nErroneous code example:\n\n```compile_fail,E0599\nstruct Mouth;\n\nlet x = Mouth;\nx.chocolate(); // error: no method named `chocolate` found for type `Mouth`\n               //        in the current scope\n```\n\nIn this case, you need to implement the `chocolate` method to fix the error:\n\n```\nstruct Mouth;\n\nimpl Mouth {\n    fn chocolate(&self) { // We implement the `chocolate` method here.\n        println!(\"Hmmm! I love chocolate!\");\n    }\n}\n\nlet x = Mouth;\nx.chocolate(); // ok!\n```\n"},"level":"error","spans":[{"file_name":"src\\lib.rs","byte_start":3721,"byte_end":3725,"line_start":136,"line_end":136,"column_start":37,"column_end":41,"is_primary":true,"text":[{"text":"    let mut game = match TownsGame::find(&game_id) {","highlight_start":37,"highlight_end":41}],"label":"`TownsGame` is not an iterator","suggested_replacement":null,"suggestion_applicability":null,"expansion":null},{"file_name":"src\\lib.rs","byte_start":576,"byte_end":596,"line_start":29,"line_end":29,"column_start":1,"column_end":21,"is_primary":false,"text":[{"text":"pub struct TownsGame {","highlight_start":1,"highlight_end":21}],"label":"function or associated item `find` not found for this struct because it doesn't satisfy `TownsGame: Iterator`","suggested_replacement":null,"suggestion_applicability":null,"expansion":null}],"children":[{"message":"if you're trying to build a new `TownsGame` consider using one of the following associated functions:\nTownsGame::insert\nTownsGame::filter_by_game_id","code":null,"level":"note","spans":[{"file_name":"src\\lib.rs","byte_start":537,"byte_end":558,"line_start":27,"line_end":27,"column_start":1,"column_end":22,"is_primary":true,"text":[{"text":"#[spacetimedb(table)]","highlight_start":1,"highlight_end":22}],"label":null,"suggested_replacement":null,"suggestion_applicability":null,"expansion":{"span":{"file_name":"src\\lib.rs","byte_start":537,"byte_end":558,"line_start":27,"line_end":27,"column_start":1,"column_end":22,"is_primary":false,"text":[{"text":"#[spacetimedb(table)]","highlight_start":1,"highlight_end":22}],"label":null,"suggested_replacement":null,"suggestion_applicability":null,"expansion":null},"macro_decl_name":"#[derive(spacetimedb::TableType)]","def_site_span":{"file_name":"C:\\Users\\Gaming X\\.cargo\\registry\\src\\index.crates.io-1949cf8c6b5b557f\\spacetimedb-bindings-macro-0.11.1\\src\\lib.rs","byte_start":17893,"byte_end":17979,"line_start":532,"line_end":532,"column_start":1,"column_end":87,"is_primary":false,"text":[{"text":"pub fn spacetimedb_tabletype(item: proc_macro::TokenStream) -> proc_macro::TokenStream {","highlight_start":1,"highlight_end":87}],"label":null,"suggested_replacement":null,"suggestion_applicability":null,"expansion":null}}},{"file_name":"src\\lib.rs","byte_start":537,"byte_end":558,"line_start":27,"line_end":27,"column_start":1,"column_end":22,"is_primary":true,"text":[{"text":"#[spacetimedb(table)]","highlight_start":1,"highlight_end":22}],"label":null,"suggested_replacement":null,"suggestion_applicability":null,"expansion":{"span":{"file_name":"src\\lib.rs","byte_start":537,"byte_end":558,"line_start":27,"line_end":27,"column_start":1,"column_end":22,"is_primary":false,"text":[{"text":"#[spacetimedb(table)]","highlight_start":1,"highlight_end":22}],"label":null,"suggested_replacement":null,"suggestion_applicability":null,"expansion":null},"macro_decl_name":"#[derive(spacetimedb::TableType)]","def_site_span":{"file_name":"C:\\Users\\Gaming X\\.cargo\\registry\\src\\index.crates.io-1949cf8c6b5b557f\\spacetimedb-bindings-macro-0.11.1\\src\\lib.rs","byte_start":17893,"byte_end":17979,"line_start":532,"line_end":532,"column_start":1,"column_end":87,"is_primary":false,"text":[{"text":"pub fn spacetimedb_tabletype(item: proc_macro::TokenStream) -> proc_macro::TokenStream {","highlight_start":1,"highlight_end":87}],"label":null,"suggested_replacement":null,"suggestion_applicability":null,"expansion":null}}}],"children":[],"rendered":null},{"message":"the following trait bounds were not satisfied:\n`TownsGame: Iterator`\nwhich is required by `&mut TownsGame: Iterator`","code":null,"level":"note","spans":[],"children":[],"rendered":null},{"message":"the trait `Iterator` must be implemented","code":null,"level":"note","spans":[{"file_name":"/rustc/1159e78c4747b02ef996e55082b704c09b970588\\library\\core\\src\\iter\\traits\\iterator.rs","byte_start":1491,"byte_end":1509,"line_start":39,"line_end":39,"column_start":1,"column_end":19,"is_primary":true,"text":[],"label":null,"suggested_replacement":null,"suggestion_applicability":null,"expansion":null}],"children":[],"rendered":null},{"message":"items from traits can only be used if the trait is implemented and in scope","code":null,"level":"help","spans":[],"children":[],"rendered":null},{"message":"the following trait defines an item `find`, perhaps you need to implement it:\ncandidate #1: `Iterator`","code":null,"level":"note","spans":[],"children":[],"rendered":null}],"rendered":"\u001b[0m\u001b[1m\u001b[38;5;9merror[E0599]\u001b[0m\u001b[0m\u001b[1m\u001b[38;5;15m: `TownsGame` is not an iterator\u001b[0m\n\u001b[0m   \u001b[0m\u001b[0m\u001b[1m\u001b[38;5;14m--> \u001b[0m\u001b[0msrc\\lib.rs:136:37\u001b[0m\n\u001b[0m    \u001b[0m\u001b[0m\u001b[1m\u001b[38;5;14m|\u001b[0m\n\u001b[0m \u001b[0m\u001b[0m\u001b[1m\u001b[38;5;14m29\u001b[0m\u001b[0m \u001b[0m\u001b[0m\u001b[1m\u001b[38;5;14m|\u001b[0m\u001b[0m \u001b[0m\u001b[0mpub struct TownsGame {\u001b[0m\n\u001b[0m    \u001b[0m\u001b[0m\u001b[1m\u001b[38;5;14m|\u001b[0m\u001b[0m \u001b[0m\u001b[0m\u001b[1m\u001b[38;5;14m--------------------\u001b[0m\u001b[0m \u001b[0m\u001b[0m\u001b[1m\u001b[38;5;14mfunction or associated item `find` not found for this struct because it doesn't satisfy `TownsGame: Iterator`\u001b[0m\n\u001b[0m\u001b[1m\u001b[38;5;14m...\u001b[0m\n\u001b[0m\u001b[1m\u001b[38;5;14m136\u001b[0m\u001b[0m \u001b[0m\u001b[0m\u001b[1m\u001b[38;5;14m|\u001b[0m\u001b[0m \u001b[0m\u001b[0m    let mut game = match TownsGame::find(&game_id) {\u001b[0m\n\u001b[0m    \u001b[0m\u001b[0m\u001b[1m\u001b[38;5;14m|\u001b[0m\u001b[0m                                     \u001b[0m\u001b[0m\u001b[1m\u001b[38;5;9m^^^^\u001b[0m\u001b[0m \u001b[0m\u001b[0m\u001b[1m\u001b[38;5;9m`TownsGame` is not an iterator\u001b[0m\n\u001b[0m    \u001b[0m\u001b[0m\u001b[1m\u001b[38;5;14m|\u001b[0m\n\u001b[0m\u001b[1m\u001b[38;5;10mnote\u001b[0m\u001b[0m: if you're trying to build a new `TownsGame` consider using one of the following associated functions:\u001b[0m\n\u001b[0m      TownsGame::insert\u001b[0m\n\u001b[0m      TownsGame::filter_by_game_id\u001b[0m\n\u001b[0m   \u001b[0m\u001b[0m\u001b[1m\u001b[38;5;14m--> \u001b[0m\u001b[0msrc\\lib.rs:27:1\u001b[0m\n\u001b[0m    \u001b[0m\u001b[0m\u001b[1m\u001b[38;5;14m|\u001b[0m\n\u001b[0m \u001b[0m\u001b[0m\u001b[1m\u001b[38;5;14m27\u001b[0m\u001b[0m \u001b[0m\u001b[0m\u001b[1m\u001b[38;5;14m|\u001b[0m\u001b[0m \u001b[0m\u001b[0m#[spacetimedb(table)]\u001b[0m\n\u001b[0m    \u001b[0m\u001b[0m\u001b[1m\u001b[38;5;14m|\u001b[0m\u001b[0m \u001b[0m\u001b[0m\u001b[1m\u001b[38;5;10m^^^^^^^^^^^^^^^^^^^^^\u001b[0m\n\u001b[0m    \u001b[0m\u001b[0m\u001b[1m\u001b[38;5;14m= \u001b[0m\u001b[0m\u001b[1m\u001b[38;5;15mnote\u001b[0m\u001b[0m: the following trait bounds were not satisfied:\u001b[0m\n\u001b[0m            `TownsGame: Iterator`\u001b[0m\n\u001b[0m            which is required by `&mut TownsGame: Iterator`\u001b[0m\n\u001b[0m\u001b[1m\u001b[38;5;10mnote\u001b[0m\u001b[0m: the trait `Iterator` must be implemented\u001b[0m\n\u001b[0m   \u001b[0m\u001b[0m\u001b[1m\u001b[38;5;14m--> \u001b[0m\u001b[0m/rustc/1159e78c4747b02ef996e55082b704c09b970588\\library\\core\\src\\iter\\traits\\iterator.rs:39:1\u001b[0m\n\u001b[0m    \u001b[0m\u001b[0m\u001b[1m\u001b[38;5;14m= \u001b[0m\u001b[0m\u001b[1m\u001b[38;5;15mhelp\u001b[0m\u001b[0m: items from traits can only be used if the trait is implemented and in scope\u001b[0m\n\u001b[0m    \u001b[0m\u001b[0m\u001b[1m\u001b[38;5;14m= \u001b[0m\u001b[0m\u001b[1m\u001b[38;5;15mnote\u001b[0m\u001b[0m: the following trait defines an item `find`, perhaps you need to implement it:\u001b[0m\n\u001b[0m            candidate #1: `Iterator`\u001b[0m\n\u001b[0m    \u001b[0m\u001b[0m\u001b[1m\u001b[38;5;14m= \u001b[0m\u001b[0m\u001b[1m\u001b[38;5;15mnote\u001b[0m\u001b[0m: this error originates in the derive macro `spacetimedb::TableType` (in Nightly builds, run with -Z macro-backtrace for more info)\u001b[0m\n\n"}
{"$message_type":"diagnostic","message":"`TownsGame` is not an iterator","code":{"code":"E0599","explanation":"This error occurs when a method is used on a type which doesn't implement it:\n\nErroneous code example:\n\n```compile_fail,E0599\nstruct Mouth;\n\nlet x = Mouth;\nx.chocolate(); // error: no method named `chocolate` found for type `Mouth`\n               //        in the current scope\n```\n\nIn this case, you need to implement the `chocolate` method to fix the error:\n\n```\nstruct Mouth;\n\nimpl Mouth {\n    fn chocolate(&self) { // We implement the `chocolate` method here.\n        println!(\"Hmmm! I love chocolate!\");\n    }\n}\n\nlet x = Mouth;\nx.chocolate(); // ok!\n```\n"},"level":"error","spans":[{"file_name":"src\\lib.rs","byte_start":4298,"byte_end":4302,"line_start":156,"line_end":156,"column_start":37,"column_end":41,"is_primary":true,"text":[{"text":"    let mut game = match TownsGame::find(&game_id) {","highlight_start":37,"highlight_end":41}],"label":"`TownsGame` is not an iterator","suggested_replacement":null,"suggestion_applicability":null,"expansion":null},{"file_name":"src\\lib.rs","byte_start":576,"byte_end":596,"line_start":29,"line_end":29,"column_start":1,"column_end":21,"is_primary":false,"text":[{"text":"pub struct TownsGame {","highlight_start":1,"highlight_end":21}],"label":"function or associated item `find` not found for this struct because it doesn't satisfy `TownsGame: Iterator`","suggested_replacement":null,"suggestion_applicability":null,"expansion":null}],"children":[{"message":"if you're trying to build a new `TownsGame` consider using one of the following associated functions:\nTownsGame::insert\nTownsGame::filter_by_game_id","code":null,"level":"note","spans":[{"file_name":"src\\lib.rs","byte_start":537,"byte_end":558,"line_start":27,"line_end":27,"column_start":1,"column_end":22,"is_primary":true,"text":[{"text":"#[spacetimedb(table)]","highlight_start":1,"highlight_end":22}],"label":null,"suggested_replacement":null,"suggestion_applicability":null,"expansion":{"span":{"file_name":"src\\lib.rs","byte_start":537,"byte_end":558,"line_start":27,"line_end":27,"column_start":1,"column_end":22,"is_primary":false,"text":[{"text":"#[spacetimedb(table)]","highlight_start":1,"highlight_end":22}],"label":null,"suggested_replacement":null,"suggestion_applicability":null,"expansion":null},"macro_decl_name":"#[derive(spacetimedb::TableType)]","def_site_span":{"file_name":"C:\\Users\\Gaming X\\.cargo\\registry\\src\\index.crates.io-1949cf8c6b5b557f\\spacetimedb-bindings-macro-0.11.1\\src\\lib.rs","byte_start":17893,"byte_end":17979,"line_start":532,"line_end":532,"column_start":1,"column_end":87,"is_primary":false,"text":[{"text":"pub fn spacetimedb_tabletype(item: proc_macro::TokenStream) -> proc_macro::TokenStream {","highlight_start":1,"highlight_end":87}],"label":null,"suggested_replacement":null,"suggestion_applicability":null,"expansion":null}}},{"file_name":"src\\lib.rs","byte_start":537,"byte_end":558,"line_start":27,"line_end":27,"column_start":1,"column_end":22,"is_primary":true,"text":[{"text":"#[spacetimedb(table)]","highlight_start":1,"highlight_end":22}],"label":null,"suggested_replacement":null,"suggestion_applicability":null,"expansion":{"span":{"file_name":"src\\lib.rs","byte_start":537,"byte_end":558,"line_start":27,"line_end":27,"column_start":1,"column_end":22,"is_primary":false,"text":[{"text":"#[spacetimedb(table)]","highlight_start":1,"highlight_end":22}],"label":null,"suggested_replacement":null,"suggestion_applicability":null,"expansion":null},"macro_decl_name":"#[derive(spacetimedb::TableType)]","def_site_span":{"file_name":"C:\\Users\\Gaming X\\.cargo\\registry\\src\\index.crates.io-1949cf8c6b5b557f\\spacetimedb-bindings-macro-0.11.1\\src\\lib.rs","byte_start":17893,"byte_end":17979,"line_start":532,"line_end":532,"column_start":1,"column_end":87,"is_primary":false,"text":[{"text":"pub fn spacetimedb_tabletype(item: proc_macro::TokenStream) -> proc_macro::TokenStream {","highlight_start":1,"highlight_end":87}],"label":null,"suggested_replacement":null,"suggestion_applicability":null,"expansion":null}}}],"children":[],"rendered":null},{"message":"the following trait bounds were not satisfied:\n`TownsGame: Iterator`\nwhich is required by `&mut TownsGame: Iterator`","code":null,"level":"note","spans":[],"children":[],"rendered":null},{"message":"the trait `Iterator` must be implemented","code":null,"level":"note","spans":[{"file_name":"/rustc/1159e78c4747b02ef996e55082b704c09b970588\\library\\core\\src\\iter\\traits\\iterator.rs","byte_start":1491,"byte_end":1509,"line_start":39,"line_end":39,"column_start":1,"column_end":19,"is_primary":true,"text":[],"label":null,"suggested_replacement":null,"suggestion_applicability":null,"expansion":null}],"children":[],"rendered":null},{"message":"items from traits can only be used if the trait is implemented and in scope","code":null,"level":"help","spans":[],"children":[],"rendered":null},{"message":"the following trait defines an item `find`, perhaps you need to implement it:\ncandidate #1: `Iterator`","code":null,"level":"note","spans":[],"children":[],"rendered":null}],"rendered":"\u001b[0m\u001b[1m\u001b[38;5;9merror[E0599]\u001b[0m\u001b[0m\u001b[1m\u001b[38;5;15m: `TownsGame` is not an iterator\u001b[0m\n\u001b[0m   \u001b[0m\u001b[0m\u001b[1m\u001b[38;5;14m--> \u001b[0m\u001b[0msrc\\lib.rs:156:37\u001b[0m\n\u001b[0m    \u001b[0m\u001b[0m\u001b[1m\u001b[38;5;14m|\u001b[0m\n\u001b[0m \u001b[0m\u001b[0m\u001b[1m\u001b[38;5;14m29\u001b[0m\u001b[0m \u001b[0m\u001b[0m\u001b[1m\u001b[38;5;14m|\u001b[0m\u001b[0m \u001b[0m\u001b[0mpub struct TownsGame {\u001b[0m\n\u001b[0m    \u001b[0m\u001b[0m\u001b[1m\u001b[38;5;14m|\u001b[0m\u001b[0m \u001b[0m\u001b[0m\u001b[1m\u001b[38;5;14m--------------------\u001b[0m\u001b[0m \u001b[0m\u001b[0m\u001b[1m\u001b[38;5;14mfunction or associated item `find` not found for this struct because it doesn't satisfy `TownsGame: Iterator`\u001b[0m\n\u001b[0m\u001b[1m\u001b[38;5;14m...\u001b[0m\n\u001b[0m\u001b[1m\u001b[38;5;14m156\u001b[0m\u001b[0m \u001b[0m\u001b[0m\u001b[1m\u001b[38;5;14m|\u001b[0m\u001b[0m \u001b[0m\u001b[0m    let mut game = match TownsGame::find(&game_id) {\u001b[0m\n\u001b[0m    \u001b[0m\u001b[0m\u001b[1m\u001b[38;5;14m|\u001b[0m\u001b[0m                                     \u001b[0m\u001b[0m\u001b[1m\u001b[38;5;9m^^^^\u001b[0m\u001b[0m \u001b[0m\u001b[0m\u001b[1m\u001b[38;5;9m`TownsGame` is not an iterator\u001b[0m\n\u001b[0m    \u001b[0m\u001b[0m\u001b[1m\u001b[38;5;14m|\u001b[0m\n\u001b[0m\u001b[1m\u001b[38;5;10mnote\u001b[0m\u001b[0m: if you're trying to build a new `TownsGame` consider using one of the following associated functions:\u001b[0m\n\u001b[0m      TownsGame::insert\u001b[0m\n\u001b[0m      TownsGame::filter_by_game_id\u001b[0m\n\u001b[0m   \u001b[0m\u001b[0m\u001b[1m\u001b[38;5;14m--> \u001b[0m\u001b[0msrc\\lib.rs:27:1\u001b[0m\n\u001b[0m    \u001b[0m\u001b[0m\u001b[1m\u001b[38;5;14m|\u001b[0m\n\u001b[0m \u001b[0m\u001b[0m\u001b[1m\u001b[38;5;14m27\u001b[0m\u001b[0m \u001b[0m\u001b[0m\u001b[1m\u001b[38;5;14m|\u001b[0m\u001b[0m \u001b[0m\u001b[0m#[spacetimedb(table)]\u001b[0m\n\u001b[0m    \u001b[0m\u001b[0m\u001b[1m\u001b[38;5;14m|\u001b[0m\u001b[0m \u001b[0m\u001b[0m\u001b[1m\u001b[38;5;10m^^^^^^^^^^^^^^^^^^^^^\u001b[0m\n\u001b[0m    \u001b[0m\u001b[0m\u001b[1m\u001b[38;5;14m= \u001b[0m\u001b[0m\u001b[1m\u001b[38;5;15mnote\u001b[0m\u001b[0m: the following trait bounds were not satisfied:\u001b[0m\n\u001b[0m            `TownsGame: Iterator`\u001b[0m\n\u001b[0m            which is required by `&mut TownsGame: Iterator`\u001b[0m\n\u001b[0m\u001b[1m\u001b[38;5;10mnote\u001b[0m\u001b[0m: the trait `Iterator` must be implemented\u001b[0m\n\u001b[0m   \u001b[0m\u001b[0m\u001b[1m\u001b[38;5;14m--> \u001b[0m\u001b[0m/rustc/1159e78c4747b02ef996e55082b704c09b970588\\library\\core\\src\\iter\\traits\\iterator.rs:39:1\u001b[0m\n\u001b[0m    \u001b[0m\u001b[0m\u001b[1m\u001b[38;5;14m= \u001b[0m\u001b[0m\u001b[1m\u001b[38;5;15mhelp\u001b[0m\u001b[0m: items from traits can only be used if the trait is implemented and in scope\u001b[0m\n\u001b[0m    \u001b[0m\u001b[0m\u001b[1m\u001b[38;5;14m= \u001b[0m\u001b[0m\u001b[1m\u001b[38;5;15mnote\u001b[0m\u001b[0m: the following trait defines an item `find`, perhaps you need to implement it:\u001b[0m\n\u001b[0m            candidate #1: `Iterator`\u001b[0m\n\u001b[0m    \u001b[0m\u001b[0m\u001b[1m\u001b[38;5;14m= \u001b[0m\u001b[0m\u001b[1m\u001b[38;5;15mnote\u001b[0m\u001b[0m: this error originates in the derive macro `spacetimedb::TableType` (in Nightly builds, run with -Z macro-backtrace for more info)\u001b[0m\n\n"}
{"$message_type":"diagnostic","message":"aborting due to 4 previous errors","code":null,"level":"error","spans":[],"children":[],"rendered":"\u001b[0m\u001b[1m\u001b[38;5;9merror\u001b[0m\u001b[0m\u001b[1m\u001b[38;5;15m: aborting due to 4 previous errors\u001b[0m\n\n"}
{"$message_type":"diagnostic","message":"Some errors have detailed explanations: E0432, E0599.","code":null,"level":"failure-note","spans":[],"children":[],"rendered":"\u001b[0m\u001b[1m\u001b[38;5;15mSome errors have detailed explanations: E0432, E0599.\u001b[0m\n"}
{"$message_type":"diagnostic","message":"For more information about an error, try `rustc --explain E0432`.","code":null,"level":"failure-note","spans":[],"children":[],"rendered":"\u001b[0m\u001b[1m\u001b[38;5;15mFor more information about an error, try `rustc --explain E0432`.\u001b[0m\n"}
